2017-04-21 20:10:45 [scrapy.utils.log] INFO: Scrapy 1.3.0 started (bot: Ochinalogin)
2017-04-21 20:10:45 [scrapy.utils.log] INFO: Overridden settings: {'NEWSPIDER_MODULE': 'Ochinalogin.spiders', 'SPIDER_MODULES': ['Ochinalogin.spiders'], 'REDIRECT_ENABLED': False, 'LOG_FILE': 'Oschina.log', 'BOT_NAME': 'Ochinalogin'}
2017-04-21 20:10:45 [scrapy.middleware] INFO: Enabled extensions:
['scrapy.extensions.logstats.LogStats',
 'scrapy.extensions.telnet.TelnetConsole',
 'scrapy.extensions.corestats.CoreStats']
2017-04-21 20:10:45 [scrapy.middleware] INFO: Enabled downloader middlewares:
['scrapy.downloadermiddlewares.httpauth.HttpAuthMiddleware',
 'scrapy.downloadermiddlewares.downloadtimeout.DownloadTimeoutMiddleware',
 'scrapy.downloadermiddlewares.defaultheaders.DefaultHeadersMiddleware',
 'scrapy.downloadermiddlewares.useragent.UserAgentMiddleware',
 'scrapy.downloadermiddlewares.retry.RetryMiddleware',
 'scrapy.downloadermiddlewares.redirect.MetaRefreshMiddleware',
 'scrapy.downloadermiddlewares.httpcompression.HttpCompressionMiddleware',
 'scrapy.downloadermiddlewares.cookies.CookiesMiddleware',
 'scrapy.downloadermiddlewares.httpproxy.HttpProxyMiddleware',
 'scrapy.downloadermiddlewares.stats.DownloaderStats']
2017-04-21 20:10:45 [scrapy.middleware] INFO: Enabled spider middlewares:
['scrapy.spidermiddlewares.httperror.HttpErrorMiddleware',
 'scrapy.spidermiddlewares.offsite.OffsiteMiddleware',
 'scrapy.spidermiddlewares.referer.RefererMiddleware',
 'scrapy.spidermiddlewares.urllength.UrlLengthMiddleware',
 'scrapy.spidermiddlewares.depth.DepthMiddleware']
2017-04-21 20:10:45 [scrapy.middleware] INFO: Enabled item pipelines:
[]
2017-04-21 20:10:45 [scrapy.core.engine] INFO: Spider opened
2017-04-21 20:10:45 [scrapy.extensions.logstats] INFO: Crawled 0 pages (at 0 pages/min), scraped 0 items (at 0 items/min)
2017-04-21 20:10:45 [scrapy.extensions.telnet] DEBUG: Telnet console listening on 127.0.0.1:6024
2017-04-21 20:10:46 [scrapy.core.engine] DEBUG: Crawled (200) <GET https://www.oschina.net/home/login> (referer: http://www.oschina.net)
2017-04-21 20:10:46 [scrapy.core.scraper] ERROR: Spider error processing <GET https://www.oschina.net/home/login> (referer: http://www.oschina.net)
Traceback (most recent call last):
  File "c:\python27\lib\site-packages\twisted\internet\defer.py", line 575, in _runCallbacks
    current.result = callback(current.result, *args, **kw)
  File "E:\project\Ochinalogin\Ochinalogin\spiders\ochina.py", line 50, in parse_login
    dont_filter=True
  File "c:\python27\lib\site-packages\scrapy\http\request\form.py", line 49, in from_response
    return cls(url=url, method=method, formdata=formdata, **kwargs)
  File "c:\python27\lib\site-packages\scrapy\http\request\form.py", line 24, in __init__
    super(FormRequest, self).__init__(*args, **kwargs)
  File "c:\python27\lib\site-packages\scrapy\http\request\__init__.py", line 38, in __init__
    self._meta = dict(meta) if meta else None
TypeError: 'int' object is not iterable
2017-04-21 20:10:46 [scrapy.core.engine] INFO: Closing spider (finished)
2017-04-21 20:10:46 [scrapy.statscollectors] INFO: Dumping Scrapy stats:
{'downloader/request_bytes': 364,
 'downloader/request_count': 1,
 'downloader/request_method_count/GET': 1,
 'downloader/response_bytes': 7938,
 'downloader/response_count': 1,
 'downloader/response_status_count/200': 1,
 'finish_reason': 'finished',
 'finish_time': datetime.datetime(2017, 4, 21, 12, 10, 46, 971000),
 'log_count/DEBUG': 2,
 'log_count/ERROR': 1,
 'log_count/INFO': 7,
 'response_received_count': 1,
 'scheduler/dequeued': 1,
 'scheduler/dequeued/memory': 1,
 'scheduler/enqueued': 1,
 'scheduler/enqueued/memory': 1,
 'spider_exceptions/TypeError': 1,
 'start_time': datetime.datetime(2017, 4, 21, 12, 10, 45, 987000)}
2017-04-21 20:10:46 [scrapy.core.engine] INFO: Spider closed (finished)
2017-04-21 20:11:36 [scrapy.utils.log] INFO: Scrapy 1.3.0 started (bot: Ochinalogin)
2017-04-21 20:11:36 [scrapy.utils.log] INFO: Overridden settings: {'NEWSPIDER_MODULE': 'Ochinalogin.spiders', 'SPIDER_MODULES': ['Ochinalogin.spiders'], 'REDIRECT_ENABLED': False, 'LOG_FILE': 'Oschina.log', 'BOT_NAME': 'Ochinalogin'}
2017-04-21 20:11:36 [scrapy.middleware] INFO: Enabled extensions:
['scrapy.extensions.logstats.LogStats',
 'scrapy.extensions.telnet.TelnetConsole',
 'scrapy.extensions.corestats.CoreStats']
2017-04-21 20:11:36 [scrapy.middleware] INFO: Enabled downloader middlewares:
['scrapy.downloadermiddlewares.httpauth.HttpAuthMiddleware',
 'scrapy.downloadermiddlewares.downloadtimeout.DownloadTimeoutMiddleware',
 'scrapy.downloadermiddlewares.defaultheaders.DefaultHeadersMiddleware',
 'scrapy.downloadermiddlewares.useragent.UserAgentMiddleware',
 'scrapy.downloadermiddlewares.retry.RetryMiddleware',
 'scrapy.downloadermiddlewares.redirect.MetaRefreshMiddleware',
 'scrapy.downloadermiddlewares.httpcompression.HttpCompressionMiddleware',
 'scrapy.downloadermiddlewares.cookies.CookiesMiddleware',
 'scrapy.downloadermiddlewares.httpproxy.HttpProxyMiddleware',
 'scrapy.downloadermiddlewares.stats.DownloaderStats']
2017-04-21 20:11:36 [scrapy.middleware] INFO: Enabled spider middlewares:
['scrapy.spidermiddlewares.httperror.HttpErrorMiddleware',
 'scrapy.spidermiddlewares.offsite.OffsiteMiddleware',
 'scrapy.spidermiddlewares.referer.RefererMiddleware',
 'scrapy.spidermiddlewares.urllength.UrlLengthMiddleware',
 'scrapy.spidermiddlewares.depth.DepthMiddleware']
2017-04-21 20:11:36 [scrapy.middleware] INFO: Enabled item pipelines:
[]
2017-04-21 20:11:36 [scrapy.core.engine] INFO: Spider opened
2017-04-21 20:11:36 [scrapy.extensions.logstats] INFO: Crawled 0 pages (at 0 pages/min), scraped 0 items (at 0 items/min)
2017-04-21 20:11:36 [scrapy.extensions.telnet] DEBUG: Telnet console listening on 127.0.0.1:6024
2017-04-21 20:11:37 [scrapy.core.engine] DEBUG: Crawled (200) <GET https://www.oschina.net/home/login> (referer: http://www.oschina.net)
2017-04-21 20:11:37 [scrapy.core.scraper] ERROR: Spider error processing <GET https://www.oschina.net/home/login> (referer: http://www.oschina.net)
Traceback (most recent call last):
  File "c:\python27\lib\site-packages\twisted\internet\defer.py", line 575, in _runCallbacks
    current.result = callback(current.result, *args, **kw)
  File "E:\project\Ochinalogin\Ochinalogin\spiders\ochina.py", line 50, in parse_login
    dont_filter=True
  File "c:\python27\lib\site-packages\scrapy\http\request\form.py", line 49, in from_response
    return cls(url=url, method=method, formdata=formdata, **kwargs)
  File "c:\python27\lib\site-packages\scrapy\http\request\form.py", line 24, in __init__
    super(FormRequest, self).__init__(*args, **kwargs)
  File "c:\python27\lib\site-packages\scrapy\http\request\__init__.py", line 38, in __init__
    self._meta = dict(meta) if meta else None
TypeError: 'int' object is not iterable
2017-04-21 20:11:37 [scrapy.core.engine] INFO: Closing spider (finished)
2017-04-21 20:11:37 [scrapy.statscollectors] INFO: Dumping Scrapy stats:
{'downloader/request_bytes': 364,
 'downloader/request_count': 1,
 'downloader/request_method_count/GET': 1,
 'downloader/response_bytes': 7938,
 'downloader/response_count': 1,
 'downloader/response_status_count/200': 1,
 'finish_reason': 'finished',
 'finish_time': datetime.datetime(2017, 4, 21, 12, 11, 37, 817000),
 'log_count/DEBUG': 2,
 'log_count/ERROR': 1,
 'log_count/INFO': 7,
 'response_received_count': 1,
 'scheduler/dequeued': 1,
 'scheduler/dequeued/memory': 1,
 'scheduler/enqueued': 1,
 'scheduler/enqueued/memory': 1,
 'spider_exceptions/TypeError': 1,
 'start_time': datetime.datetime(2017, 4, 21, 12, 11, 36, 920000)}
2017-04-21 20:11:37 [scrapy.core.engine] INFO: Spider closed (finished)
2017-04-21 20:14:52 [scrapy.utils.log] INFO: Scrapy 1.3.0 started (bot: Ochinalogin)
2017-04-21 20:14:52 [scrapy.utils.log] INFO: Overridden settings: {'NEWSPIDER_MODULE': 'Ochinalogin.spiders', 'SPIDER_MODULES': ['Ochinalogin.spiders'], 'REDIRECT_ENABLED': False, 'LOG_FILE': 'Oschina.log', 'BOT_NAME': 'Ochinalogin'}
2017-04-21 20:14:52 [scrapy.middleware] INFO: Enabled extensions:
['scrapy.extensions.logstats.LogStats',
 'scrapy.extensions.telnet.TelnetConsole',
 'scrapy.extensions.corestats.CoreStats']
2017-04-21 20:14:52 [scrapy.middleware] INFO: Enabled downloader middlewares:
['scrapy.downloadermiddlewares.httpauth.HttpAuthMiddleware',
 'scrapy.downloadermiddlewares.downloadtimeout.DownloadTimeoutMiddleware',
 'scrapy.downloadermiddlewares.defaultheaders.DefaultHeadersMiddleware',
 'scrapy.downloadermiddlewares.useragent.UserAgentMiddleware',
 'scrapy.downloadermiddlewares.retry.RetryMiddleware',
 'scrapy.downloadermiddlewares.redirect.MetaRefreshMiddleware',
 'scrapy.downloadermiddlewares.httpcompression.HttpCompressionMiddleware',
 'scrapy.downloadermiddlewares.cookies.CookiesMiddleware',
 'scrapy.downloadermiddlewares.httpproxy.HttpProxyMiddleware',
 'scrapy.downloadermiddlewares.stats.DownloaderStats']
2017-04-21 20:14:52 [scrapy.middleware] INFO: Enabled spider middlewares:
['scrapy.spidermiddlewares.httperror.HttpErrorMiddleware',
 'scrapy.spidermiddlewares.offsite.OffsiteMiddleware',
 'scrapy.spidermiddlewares.referer.RefererMiddleware',
 'scrapy.spidermiddlewares.urllength.UrlLengthMiddleware',
 'scrapy.spidermiddlewares.depth.DepthMiddleware']
2017-04-21 20:14:52 [scrapy.middleware] INFO: Enabled item pipelines:
[]
2017-04-21 20:14:52 [twisted] ERROR: Unhandled error in Deferred:
2017-04-21 20:14:52 [twisted] ERROR: Unhandled Error
Traceback (most recent call last):
  File "c:\python27\lib\site-packages\scrapy\commands\crawl.py", line 57, in run
    self.crawler_process.crawl(spname, **opts.spargs)
  File "c:\python27\lib\site-packages\scrapy\crawler.py", line 163, in crawl
    return self._crawl(crawler, *args, **kwargs)
  File "c:\python27\lib\site-packages\scrapy\crawler.py", line 167, in _crawl
    d = crawler.crawl(*args, **kwargs)
  File "c:\python27\lib\site-packages\twisted\internet\defer.py", line 1213, in unwindGenerator
    return _inlineCallbacks(None, gen, Deferred())
--- <exception caught here> ---
  File "c:\python27\lib\site-packages\twisted\internet\defer.py", line 1070, in _inlineCallbacks
    result = g.send(result)
  File "c:\python27\lib\site-packages\scrapy\crawler.py", line 90, in crawl
    six.reraise(*exc_info)
  File "c:\python27\lib\site-packages\scrapy\crawler.py", line 73, in crawl
    start_requests = iter(self.spider.start_requests())
  File "E:\project\Ochinalogin\Ochinalogin\spiders\ochina.py", line 29, in start_requests
    scrapy.Request(url='https://www.oschina.net',headers=self.headers,callback=parse_one,dont_filter=True)
exceptions.NameError: global name 'parse_one' is not defined

2017-04-21 20:15:05 [scrapy.utils.log] INFO: Scrapy 1.3.0 started (bot: Ochinalogin)
2017-04-21 20:15:05 [scrapy.utils.log] INFO: Overridden settings: {'NEWSPIDER_MODULE': 'Ochinalogin.spiders', 'SPIDER_MODULES': ['Ochinalogin.spiders'], 'REDIRECT_ENABLED': False, 'LOG_FILE': 'Oschina.log', 'BOT_NAME': 'Ochinalogin'}
2017-04-21 20:15:09 [scrapy.utils.log] INFO: Scrapy 1.3.0 started (bot: Ochinalogin)
2017-04-21 20:15:09 [scrapy.utils.log] INFO: Overridden settings: {'NEWSPIDER_MODULE': 'Ochinalogin.spiders', 'SPIDER_MODULES': ['Ochinalogin.spiders'], 'REDIRECT_ENABLED': False, 'LOG_FILE': 'Oschina.log', 'BOT_NAME': 'Ochinalogin'}
2017-04-21 20:15:09 [scrapy.middleware] INFO: Enabled extensions:
['scrapy.extensions.logstats.LogStats',
 'scrapy.extensions.telnet.TelnetConsole',
 'scrapy.extensions.corestats.CoreStats']
2017-04-21 20:15:09 [scrapy.middleware] INFO: Enabled downloader middlewares:
['scrapy.downloadermiddlewares.httpauth.HttpAuthMiddleware',
 'scrapy.downloadermiddlewares.downloadtimeout.DownloadTimeoutMiddleware',
 'scrapy.downloadermiddlewares.defaultheaders.DefaultHeadersMiddleware',
 'scrapy.downloadermiddlewares.useragent.UserAgentMiddleware',
 'scrapy.downloadermiddlewares.retry.RetryMiddleware',
 'scrapy.downloadermiddlewares.redirect.MetaRefreshMiddleware',
 'scrapy.downloadermiddlewares.httpcompression.HttpCompressionMiddleware',
 'scrapy.downloadermiddlewares.cookies.CookiesMiddleware',
 'scrapy.downloadermiddlewares.httpproxy.HttpProxyMiddleware',
 'scrapy.downloadermiddlewares.stats.DownloaderStats']
2017-04-21 20:15:09 [scrapy.middleware] INFO: Enabled spider middlewares:
['scrapy.spidermiddlewares.httperror.HttpErrorMiddleware',
 'scrapy.spidermiddlewares.offsite.OffsiteMiddleware',
 'scrapy.spidermiddlewares.referer.RefererMiddleware',
 'scrapy.spidermiddlewares.urllength.UrlLengthMiddleware',
 'scrapy.spidermiddlewares.depth.DepthMiddleware']
2017-04-21 20:15:09 [scrapy.middleware] INFO: Enabled item pipelines:
[]
2017-04-21 20:15:09 [twisted] ERROR: Unhandled error in Deferred:
2017-04-21 20:15:09 [twisted] ERROR: Unhandled Error
Traceback (most recent call last):
  File "c:\python27\lib\site-packages\scrapy\commands\crawl.py", line 57, in run
    self.crawler_process.crawl(spname, **opts.spargs)
  File "c:\python27\lib\site-packages\scrapy\crawler.py", line 163, in crawl
    return self._crawl(crawler, *args, **kwargs)
  File "c:\python27\lib\site-packages\scrapy\crawler.py", line 167, in _crawl
    d = crawler.crawl(*args, **kwargs)
  File "c:\python27\lib\site-packages\twisted\internet\defer.py", line 1213, in unwindGenerator
    return _inlineCallbacks(None, gen, Deferred())
--- <exception caught here> ---
  File "c:\python27\lib\site-packages\twisted\internet\defer.py", line 1070, in _inlineCallbacks
    result = g.send(result)
  File "c:\python27\lib\site-packages\scrapy\crawler.py", line 90, in crawl
    six.reraise(*exc_info)
  File "c:\python27\lib\site-packages\scrapy\crawler.py", line 73, in crawl
    start_requests = iter(self.spider.start_requests())
exceptions.TypeError: 'NoneType' object is not iterable

2017-04-21 20:15:34 [scrapy.utils.log] INFO: Scrapy 1.3.0 started (bot: Ochinalogin)
2017-04-21 20:15:34 [scrapy.utils.log] INFO: Overridden settings: {'NEWSPIDER_MODULE': 'Ochinalogin.spiders', 'SPIDER_MODULES': ['Ochinalogin.spiders'], 'REDIRECT_ENABLED': False, 'LOG_FILE': 'Oschina.log', 'BOT_NAME': 'Ochinalogin'}
2017-04-21 20:15:34 [scrapy.middleware] INFO: Enabled extensions:
['scrapy.extensions.logstats.LogStats',
 'scrapy.extensions.telnet.TelnetConsole',
 'scrapy.extensions.corestats.CoreStats']
2017-04-21 20:15:34 [scrapy.middleware] INFO: Enabled downloader middlewares:
['scrapy.downloadermiddlewares.httpauth.HttpAuthMiddleware',
 'scrapy.downloadermiddlewares.downloadtimeout.DownloadTimeoutMiddleware',
 'scrapy.downloadermiddlewares.defaultheaders.DefaultHeadersMiddleware',
 'scrapy.downloadermiddlewares.useragent.UserAgentMiddleware',
 'scrapy.downloadermiddlewares.retry.RetryMiddleware',
 'scrapy.downloadermiddlewares.redirect.MetaRefreshMiddleware',
 'scrapy.downloadermiddlewares.httpcompression.HttpCompressionMiddleware',
 'scrapy.downloadermiddlewares.cookies.CookiesMiddleware',
 'scrapy.downloadermiddlewares.httpproxy.HttpProxyMiddleware',
 'scrapy.downloadermiddlewares.stats.DownloaderStats']
2017-04-21 20:15:34 [scrapy.middleware] INFO: Enabled spider middlewares:
['scrapy.spidermiddlewares.httperror.HttpErrorMiddleware',
 'scrapy.spidermiddlewares.offsite.OffsiteMiddleware',
 'scrapy.spidermiddlewares.referer.RefererMiddleware',
 'scrapy.spidermiddlewares.urllength.UrlLengthMiddleware',
 'scrapy.spidermiddlewares.depth.DepthMiddleware']
2017-04-21 20:15:34 [scrapy.middleware] INFO: Enabled item pipelines:
[]
2017-04-21 20:15:34 [twisted] ERROR: Unhandled error in Deferred:
2017-04-21 20:15:34 [twisted] ERROR: Unhandled Error
Traceback (most recent call last):
  File "c:\python27\lib\site-packages\scrapy\commands\crawl.py", line 57, in run
    self.crawler_process.crawl(spname, **opts.spargs)
  File "c:\python27\lib\site-packages\scrapy\crawler.py", line 163, in crawl
    return self._crawl(crawler, *args, **kwargs)
  File "c:\python27\lib\site-packages\scrapy\crawler.py", line 167, in _crawl
    d = crawler.crawl(*args, **kwargs)
  File "c:\python27\lib\site-packages\twisted\internet\defer.py", line 1213, in unwindGenerator
    return _inlineCallbacks(None, gen, Deferred())
--- <exception caught here> ---
  File "c:\python27\lib\site-packages\twisted\internet\defer.py", line 1070, in _inlineCallbacks
    result = g.send(result)
  File "c:\python27\lib\site-packages\scrapy\crawler.py", line 90, in crawl
    six.reraise(*exc_info)
  File "c:\python27\lib\site-packages\scrapy\crawler.py", line 73, in crawl
    start_requests = iter(self.spider.start_requests())
exceptions.TypeError: 'Request' object is not iterable

2017-04-21 20:15:57 [scrapy.utils.log] INFO: Scrapy 1.3.0 started (bot: Ochinalogin)
2017-04-21 20:15:57 [scrapy.utils.log] INFO: Overridden settings: {'NEWSPIDER_MODULE': 'Ochinalogin.spiders', 'SPIDER_MODULES': ['Ochinalogin.spiders'], 'REDIRECT_ENABLED': False, 'LOG_FILE': 'Oschina.log', 'BOT_NAME': 'Ochinalogin'}
2017-04-21 20:15:57 [scrapy.middleware] INFO: Enabled extensions:
['scrapy.extensions.logstats.LogStats',
 'scrapy.extensions.telnet.TelnetConsole',
 'scrapy.extensions.corestats.CoreStats']
2017-04-21 20:15:57 [scrapy.middleware] INFO: Enabled downloader middlewares:
['scrapy.downloadermiddlewares.httpauth.HttpAuthMiddleware',
 'scrapy.downloadermiddlewares.downloadtimeout.DownloadTimeoutMiddleware',
 'scrapy.downloadermiddlewares.defaultheaders.DefaultHeadersMiddleware',
 'scrapy.downloadermiddlewares.useragent.UserAgentMiddleware',
 'scrapy.downloadermiddlewares.retry.RetryMiddleware',
 'scrapy.downloadermiddlewares.redirect.MetaRefreshMiddleware',
 'scrapy.downloadermiddlewares.httpcompression.HttpCompressionMiddleware',
 'scrapy.downloadermiddlewares.cookies.CookiesMiddleware',
 'scrapy.downloadermiddlewares.httpproxy.HttpProxyMiddleware',
 'scrapy.downloadermiddlewares.stats.DownloaderStats']
2017-04-21 20:15:57 [scrapy.middleware] INFO: Enabled spider middlewares:
['scrapy.spidermiddlewares.httperror.HttpErrorMiddleware',
 'scrapy.spidermiddlewares.offsite.OffsiteMiddleware',
 'scrapy.spidermiddlewares.referer.RefererMiddleware',
 'scrapy.spidermiddlewares.urllength.UrlLengthMiddleware',
 'scrapy.spidermiddlewares.depth.DepthMiddleware']
2017-04-21 20:15:57 [scrapy.middleware] INFO: Enabled item pipelines:
[]
2017-04-21 20:15:57 [scrapy.core.engine] INFO: Spider opened
2017-04-21 20:15:57 [scrapy.extensions.logstats] INFO: Crawled 0 pages (at 0 pages/min), scraped 0 items (at 0 items/min)
2017-04-21 20:15:57 [scrapy.extensions.telnet] DEBUG: Telnet console listening on 127.0.0.1:6024
2017-04-21 20:15:58 [scrapy.core.engine] DEBUG: Crawled (200) <GET https://www.oschina.net> (referer: http://www.oschina.net)
2017-04-21 20:15:58 [scrapy.core.engine] DEBUG: Crawled (200) <GET https://www.oschina.net/home/login> (referer: http://www.oschina.net)
2017-04-21 20:15:58 [scrapy.core.scraper] ERROR: Spider error processing <GET https://www.oschina.net/home/login> (referer: http://www.oschina.net)
Traceback (most recent call last):
  File "c:\python27\lib\site-packages\twisted\internet\defer.py", line 575, in _runCallbacks
    current.result = callback(current.result, *args, **kw)
  File "E:\project\Ochinalogin\Ochinalogin\spiders\ochina.py", line 54, in parse_login
    dont_filter=True
  File "c:\python27\lib\site-packages\scrapy\http\request\form.py", line 49, in from_response
    return cls(url=url, method=method, formdata=formdata, **kwargs)
  File "c:\python27\lib\site-packages\scrapy\http\request\form.py", line 24, in __init__
    super(FormRequest, self).__init__(*args, **kwargs)
  File "c:\python27\lib\site-packages\scrapy\http\request\__init__.py", line 38, in __init__
    self._meta = dict(meta) if meta else None
TypeError: 'int' object is not iterable
2017-04-21 20:15:59 [scrapy.core.engine] INFO: Closing spider (finished)
2017-04-21 20:15:59 [scrapy.statscollectors] INFO: Dumping Scrapy stats:
{'downloader/request_bytes': 718,
 'downloader/request_count': 2,
 'downloader/request_method_count/GET': 2,
 'downloader/response_bytes': 36233,
 'downloader/response_count': 2,
 'downloader/response_status_count/200': 2,
 'finish_reason': 'finished',
 'finish_time': datetime.datetime(2017, 4, 21, 12, 15, 59, 15000),
 'log_count/DEBUG': 3,
 'log_count/ERROR': 1,
 'log_count/INFO': 7,
 'request_depth_max': 1,
 'response_received_count': 2,
 'scheduler/dequeued': 2,
 'scheduler/dequeued/memory': 2,
 'scheduler/enqueued': 2,
 'scheduler/enqueued/memory': 2,
 'spider_exceptions/TypeError': 1,
 'start_time': datetime.datetime(2017, 4, 21, 12, 15, 57, 190000)}
2017-04-21 20:15:59 [scrapy.core.engine] INFO: Spider closed (finished)
2017-04-21 20:16:48 [scrapy.utils.log] INFO: Scrapy 1.3.0 started (bot: Ochinalogin)
2017-04-21 20:16:48 [scrapy.utils.log] INFO: Overridden settings: {'NEWSPIDER_MODULE': 'Ochinalogin.spiders', 'SPIDER_MODULES': ['Ochinalogin.spiders'], 'REDIRECT_ENABLED': False, 'LOG_FILE': 'Oschina.log', 'BOT_NAME': 'Ochinalogin'}
2017-04-21 20:16:48 [scrapy.middleware] INFO: Enabled extensions:
['scrapy.extensions.logstats.LogStats',
 'scrapy.extensions.telnet.TelnetConsole',
 'scrapy.extensions.corestats.CoreStats']
2017-04-21 20:16:48 [scrapy.middleware] INFO: Enabled downloader middlewares:
['scrapy.downloadermiddlewares.httpauth.HttpAuthMiddleware',
 'scrapy.downloadermiddlewares.downloadtimeout.DownloadTimeoutMiddleware',
 'scrapy.downloadermiddlewares.defaultheaders.DefaultHeadersMiddleware',
 'scrapy.downloadermiddlewares.useragent.UserAgentMiddleware',
 'scrapy.downloadermiddlewares.retry.RetryMiddleware',
 'scrapy.downloadermiddlewares.redirect.MetaRefreshMiddleware',
 'scrapy.downloadermiddlewares.httpcompression.HttpCompressionMiddleware',
 'scrapy.downloadermiddlewares.cookies.CookiesMiddleware',
 'scrapy.downloadermiddlewares.httpproxy.HttpProxyMiddleware',
 'scrapy.downloadermiddlewares.stats.DownloaderStats']
2017-04-21 20:16:48 [scrapy.middleware] INFO: Enabled spider middlewares:
['scrapy.spidermiddlewares.httperror.HttpErrorMiddleware',
 'scrapy.spidermiddlewares.offsite.OffsiteMiddleware',
 'scrapy.spidermiddlewares.referer.RefererMiddleware',
 'scrapy.spidermiddlewares.urllength.UrlLengthMiddleware',
 'scrapy.spidermiddlewares.depth.DepthMiddleware']
2017-04-21 20:16:48 [scrapy.middleware] INFO: Enabled item pipelines:
[]
2017-04-21 20:16:48 [scrapy.core.engine] INFO: Spider opened
2017-04-21 20:16:48 [scrapy.extensions.logstats] INFO: Crawled 0 pages (at 0 pages/min), scraped 0 items (at 0 items/min)
2017-04-21 20:16:48 [scrapy.extensions.telnet] DEBUG: Telnet console listening on 127.0.0.1:6024
2017-04-21 20:16:49 [scrapy.core.engine] DEBUG: Crawled (200) <GET https://www.oschina.net> (referer: http://www.oschina.net)
2017-04-21 20:16:50 [scrapy.core.engine] DEBUG: Crawled (403) <GET https://www.oschina.net/home/login> (referer: https://www.oschina.net)
2017-04-21 20:16:50 [scrapy.spidermiddlewares.httperror] INFO: Ignoring response <403 https://www.oschina.net/home/login>: HTTP status code is not handled or not allowed
2017-04-21 20:16:50 [scrapy.core.engine] INFO: Closing spider (finished)
2017-04-21 20:16:50 [scrapy.statscollectors] INFO: Dumping Scrapy stats:
{'downloader/request_bytes': 930,
 'downloader/request_count': 2,
 'downloader/request_method_count/GET': 2,
 'downloader/response_bytes': 29304,
 'downloader/response_count': 2,
 'downloader/response_status_count/200': 1,
 'downloader/response_status_count/403': 1,
 'finish_reason': 'finished',
 'finish_time': datetime.datetime(2017, 4, 21, 12, 16, 50, 560000),
 'log_count/DEBUG': 3,
 'log_count/INFO': 8,
 'request_depth_max': 1,
 'response_received_count': 2,
 'scheduler/dequeued': 2,
 'scheduler/dequeued/memory': 2,
 'scheduler/enqueued': 2,
 'scheduler/enqueued/memory': 2,
 'start_time': datetime.datetime(2017, 4, 21, 12, 16, 48, 901000)}
2017-04-21 20:16:50 [scrapy.core.engine] INFO: Spider closed (finished)
2017-04-21 20:32:57 [scrapy.utils.log] INFO: Scrapy 1.3.0 started (bot: Ochinalogin)
2017-04-21 20:32:57 [scrapy.utils.log] INFO: Overridden settings: {'NEWSPIDER_MODULE': 'Ochinalogin.spiders', 'SPIDER_MODULES': ['Ochinalogin.spiders'], 'REDIRECT_ENABLED': False, 'LOG_FILE': 'Oschina.log', 'BOT_NAME': 'Ochinalogin'}
2017-04-21 20:32:57 [scrapy.middleware] INFO: Enabled extensions:
['scrapy.extensions.logstats.LogStats',
 'scrapy.extensions.telnet.TelnetConsole',
 'scrapy.extensions.corestats.CoreStats']
2017-04-21 20:32:57 [scrapy.middleware] INFO: Enabled downloader middlewares:
['scrapy.downloadermiddlewares.httpauth.HttpAuthMiddleware',
 'scrapy.downloadermiddlewares.downloadtimeout.DownloadTimeoutMiddleware',
 'scrapy.downloadermiddlewares.defaultheaders.DefaultHeadersMiddleware',
 'scrapy.downloadermiddlewares.useragent.UserAgentMiddleware',
 'scrapy.downloadermiddlewares.retry.RetryMiddleware',
 'scrapy.downloadermiddlewares.redirect.MetaRefreshMiddleware',
 'scrapy.downloadermiddlewares.httpcompression.HttpCompressionMiddleware',
 'scrapy.downloadermiddlewares.cookies.CookiesMiddleware',
 'scrapy.downloadermiddlewares.httpproxy.HttpProxyMiddleware',
 'scrapy.downloadermiddlewares.stats.DownloaderStats']
2017-04-21 20:32:57 [scrapy.middleware] INFO: Enabled spider middlewares:
['scrapy.spidermiddlewares.httperror.HttpErrorMiddleware',
 'scrapy.spidermiddlewares.offsite.OffsiteMiddleware',
 'scrapy.spidermiddlewares.referer.RefererMiddleware',
 'scrapy.spidermiddlewares.urllength.UrlLengthMiddleware',
 'scrapy.spidermiddlewares.depth.DepthMiddleware']
2017-04-21 20:32:57 [scrapy.middleware] INFO: Enabled item pipelines:
[]
2017-04-21 20:32:57 [twisted] ERROR: Unhandled error in Deferred:
2017-04-21 20:32:57 [twisted] ERROR: Unhandled Error
Traceback (most recent call last):
  File "c:\python27\lib\site-packages\scrapy\commands\crawl.py", line 57, in run
    self.crawler_process.crawl(spname, **opts.spargs)
  File "c:\python27\lib\site-packages\scrapy\crawler.py", line 163, in crawl
    return self._crawl(crawler, *args, **kwargs)
  File "c:\python27\lib\site-packages\scrapy\crawler.py", line 167, in _crawl
    d = crawler.crawl(*args, **kwargs)
  File "c:\python27\lib\site-packages\twisted\internet\defer.py", line 1213, in unwindGenerator
    return _inlineCallbacks(None, gen, Deferred())
--- <exception caught here> ---
  File "c:\python27\lib\site-packages\twisted\internet\defer.py", line 1070, in _inlineCallbacks
    result = g.send(result)
  File "c:\python27\lib\site-packages\scrapy\crawler.py", line 90, in crawl
    six.reraise(*exc_info)
  File "c:\python27\lib\site-packages\scrapy\crawler.py", line 73, in crawl
    start_requests = iter(self.spider.start_requests())
  File "E:\project\Ochinalogin\Ochinalogin\spiders\ochina.py", line 29, in start_requests
    return [scrapy.Request(url='https://www.oschina.net',method=get,cookies={'_user_behavior_':'4761e11b-abaf-49a9-9132-24bf449a9f0f','oscid':'4PpfWJFgaYBL0rdop%2FHhmei3BNm2DDV1PeX2CQ8wzefpkCHC1LShVbEBQM%2BsLM0jwJTJpqrzKXECzrVkxTmRBlejF4Rg8S0qaQpLqzUHyaD19r4smcHzru33MS1PWtqx79QspDmM3RARDd71PWXvza%2FSGWadDdrD3QXcLhN3ruAoTcIjSO%2FSgg%3D%3D','Hm_lvt_a411c4d1664dd70048ee98afe7b28f0b':'1492580323,1492666551,1492765230,1492765477','Hm_lpvt_a411c4d1664dd70048ee98afe7b28f0b':'1492777346'},headers=self.headers,callback=self.parse_one,dont_filter=True)]
exceptions.NameError: global name 'get' is not defined

2017-04-21 20:33:26 [scrapy.utils.log] INFO: Scrapy 1.3.0 started (bot: Ochinalogin)
2017-04-21 20:33:26 [scrapy.utils.log] INFO: Overridden settings: {'NEWSPIDER_MODULE': 'Ochinalogin.spiders', 'SPIDER_MODULES': ['Ochinalogin.spiders'], 'REDIRECT_ENABLED': False, 'LOG_FILE': 'Oschina.log', 'BOT_NAME': 'Ochinalogin'}
2017-04-21 20:33:26 [scrapy.middleware] INFO: Enabled extensions:
['scrapy.extensions.logstats.LogStats',
 'scrapy.extensions.telnet.TelnetConsole',
 'scrapy.extensions.corestats.CoreStats']
2017-04-21 20:33:26 [scrapy.middleware] INFO: Enabled downloader middlewares:
['scrapy.downloadermiddlewares.httpauth.HttpAuthMiddleware',
 'scrapy.downloadermiddlewares.downloadtimeout.DownloadTimeoutMiddleware',
 'scrapy.downloadermiddlewares.defaultheaders.DefaultHeadersMiddleware',
 'scrapy.downloadermiddlewares.useragent.UserAgentMiddleware',
 'scrapy.downloadermiddlewares.retry.RetryMiddleware',
 'scrapy.downloadermiddlewares.redirect.MetaRefreshMiddleware',
 'scrapy.downloadermiddlewares.httpcompression.HttpCompressionMiddleware',
 'scrapy.downloadermiddlewares.cookies.CookiesMiddleware',
 'scrapy.downloadermiddlewares.httpproxy.HttpProxyMiddleware',
 'scrapy.downloadermiddlewares.stats.DownloaderStats']
2017-04-21 20:33:26 [scrapy.middleware] INFO: Enabled spider middlewares:
['scrapy.spidermiddlewares.httperror.HttpErrorMiddleware',
 'scrapy.spidermiddlewares.offsite.OffsiteMiddleware',
 'scrapy.spidermiddlewares.referer.RefererMiddleware',
 'scrapy.spidermiddlewares.urllength.UrlLengthMiddleware',
 'scrapy.spidermiddlewares.depth.DepthMiddleware']
2017-04-21 20:33:26 [scrapy.middleware] INFO: Enabled item pipelines:
[]
2017-04-21 20:33:26 [scrapy.core.engine] INFO: Spider opened
2017-04-21 20:33:26 [scrapy.extensions.logstats] INFO: Crawled 0 pages (at 0 pages/min), scraped 0 items (at 0 items/min)
2017-04-21 20:33:26 [scrapy.extensions.telnet] DEBUG: Telnet console listening on 127.0.0.1:6024
2017-04-21 20:33:27 [scrapy.core.engine] DEBUG: Crawled (200) <GET https://www.oschina.net> (referer: http://www.oschina.net)
2017-04-21 20:33:27 [scrapy.core.engine] INFO: Closing spider (finished)
2017-04-21 20:33:27 [scrapy.statscollectors] INFO: Dumping Scrapy stats:
{'downloader/request_bytes': 758,
 'downloader/request_count': 1,
 'downloader/request_method_count/GET': 1,
 'downloader/response_bytes': 29021,
 'downloader/response_count': 1,
 'downloader/response_status_count/200': 1,
 'finish_reason': 'finished',
 'finish_time': datetime.datetime(2017, 4, 21, 12, 33, 27, 386000),
 'log_count/DEBUG': 2,
 'log_count/INFO': 7,
 'log_count/WARNING': 1,
 'response_received_count': 1,
 'scheduler/dequeued': 1,
 'scheduler/dequeued/memory': 1,
 'scheduler/enqueued': 1,
 'scheduler/enqueued/memory': 1,
 'start_time': datetime.datetime(2017, 4, 21, 12, 33, 26, 334000)}
2017-04-21 20:33:27 [scrapy.core.engine] INFO: Spider closed (finished)
2017-04-21 20:33:49 [scrapy.utils.log] INFO: Scrapy 1.3.0 started (bot: Ochinalogin)
2017-04-21 20:33:49 [scrapy.utils.log] INFO: Overridden settings: {'NEWSPIDER_MODULE': 'Ochinalogin.spiders', 'SPIDER_MODULES': ['Ochinalogin.spiders'], 'REDIRECT_ENABLED': False, 'LOG_FILE': 'Oschina.log', 'BOT_NAME': 'Ochinalogin'}
2017-04-21 20:33:49 [scrapy.middleware] INFO: Enabled extensions:
['scrapy.extensions.logstats.LogStats',
 'scrapy.extensions.telnet.TelnetConsole',
 'scrapy.extensions.corestats.CoreStats']
2017-04-21 20:33:49 [scrapy.middleware] INFO: Enabled downloader middlewares:
['scrapy.downloadermiddlewares.httpauth.HttpAuthMiddleware',
 'scrapy.downloadermiddlewares.downloadtimeout.DownloadTimeoutMiddleware',
 'scrapy.downloadermiddlewares.defaultheaders.DefaultHeadersMiddleware',
 'scrapy.downloadermiddlewares.useragent.UserAgentMiddleware',
 'scrapy.downloadermiddlewares.retry.RetryMiddleware',
 'scrapy.downloadermiddlewares.redirect.MetaRefreshMiddleware',
 'scrapy.downloadermiddlewares.httpcompression.HttpCompressionMiddleware',
 'scrapy.downloadermiddlewares.cookies.CookiesMiddleware',
 'scrapy.downloadermiddlewares.httpproxy.HttpProxyMiddleware',
 'scrapy.downloadermiddlewares.stats.DownloaderStats']
2017-04-21 20:33:49 [scrapy.middleware] INFO: Enabled spider middlewares:
['scrapy.spidermiddlewares.httperror.HttpErrorMiddleware',
 'scrapy.spidermiddlewares.offsite.OffsiteMiddleware',
 'scrapy.spidermiddlewares.referer.RefererMiddleware',
 'scrapy.spidermiddlewares.urllength.UrlLengthMiddleware',
 'scrapy.spidermiddlewares.depth.DepthMiddleware']
2017-04-21 20:33:49 [scrapy.middleware] INFO: Enabled item pipelines:
[]
2017-04-21 20:33:49 [scrapy.core.engine] INFO: Spider opened
2017-04-21 20:33:49 [scrapy.extensions.logstats] INFO: Crawled 0 pages (at 0 pages/min), scraped 0 items (at 0 items/min)
2017-04-21 20:33:49 [scrapy.extensions.telnet] DEBUG: Telnet console listening on 127.0.0.1:6024
2017-04-21 20:33:50 [scrapy.core.engine] DEBUG: Crawled (200) <GET https://www.oschina.net> (referer: http://www.oschina.net)
2017-04-21 20:33:50 [scrapy.core.engine] INFO: Closing spider (finished)
2017-04-21 20:33:50 [scrapy.statscollectors] INFO: Dumping Scrapy stats:
{'downloader/request_bytes': 758,
 'downloader/request_count': 1,
 'downloader/request_method_count/GET': 1,
 'downloader/response_bytes': 28985,
 'downloader/response_count': 1,
 'downloader/response_status_count/200': 1,
 'finish_reason': 'finished',
 'finish_time': datetime.datetime(2017, 4, 21, 12, 33, 50, 911000),
 'log_count/DEBUG': 2,
 'log_count/INFO': 7,
 'response_received_count': 1,
 'scheduler/dequeued': 1,
 'scheduler/dequeued/memory': 1,
 'scheduler/enqueued': 1,
 'scheduler/enqueued/memory': 1,
 'start_time': datetime.datetime(2017, 4, 21, 12, 33, 49, 829000)}
2017-04-21 20:33:50 [scrapy.core.engine] INFO: Spider closed (finished)
